<?xml version="1.0" encoding="UTF-8"?>
<!-- Generated by org.testng.reporters.JUnitReportReporter -->
<testsuite hostname="Rahul-Kumar" failures="0" tests="4" name="com.ParallelTest.Class1" time="0.019" errors="0" timestamp="2023-04-07T12:59:09 IST" skipped="0">
  <testcase classname="com.ParallelTest.Class1" name="m4" time="0.002"/>
  <system-out/>
  <testcase classname="com.ParallelTest.Class1" name="m3" time="0.002"/>
  <system-out/>
  <testcase classname="com.ParallelTest.Class1" name="m2" time="0.001"/>
  <system-out/>
  <testcase classname="com.ParallelTest.Class1" name="m1" time="0.014"/>
  <system-out/>
</testsuite> <!-- com.ParallelTest.Class1 -->
