<?xml version="1.0" encoding="UTF-8"?>
<!-- Generated by org.testng.reporters.JUnitReportReporter -->
<testsuite hostname="Rahul-Kumar" failures="0" tests="4" name="com.ParallelTest.Class3" time="0.020" errors="0" timestamp="2023-04-07T12:59:09 IST" skipped="0">
  <testcase classname="com.ParallelTest.Class3" name="m13" time="0.002"/>
  <system-out/>
  <testcase classname="com.ParallelTest.Class3" name="m14" time="0.003"/>
  <system-out/>
  <testcase classname="com.ParallelTest.Class3" name="m12" time="0.014"/>
  <system-out/>
  <testcase classname="com.ParallelTest.Class3" name="m15" time="0.001"/>
  <system-out/>
</testsuite> <!-- com.ParallelTest.Class3 -->
