<?xml version="1.0" encoding="UTF-8"?>
<!-- Generated by org.testng.reporters.JUnitReportReporter -->
<testsuite hostname="LAPTOP-OQICQHPQ" failures="0" tests="1" name="SeleniumTest.DataProviderdemo" time="0.007" errors="0" timestamp="2023-02-14T19:36:53 IST" skipped="0">
  <testcase classname="SeleniumTest.DataProviderdemo" name="myTest" time="0.007"/>
  <system-out/>
</testsuite> <!-- SeleniumTest.DataProviderdemo -->
