<?xml version="1.0" encoding="UTF-8"?>
<!-- Generated by org.testng.reporters.JUnitReportReporter -->
<testsuite hostname="LAPTOP-OQICQHPQ" failures="0" tests="2" name="com.ParallelTest.Class5" time="0.002" errors="0" timestamp="2023-03-20T12:49:32 IST" skipped="0">
  <testcase classname="com.ParallelTest.Class5" name="m17" time="0.001"/>
  <system-out/>
  <testcase classname="com.ParallelTest.Class5" name="m16" time="0.001"/>
  <system-out/>
</testsuite> <!-- com.ParallelTest.Class5 -->
