<?xml version="1.0" encoding="UTF-8"?>
<!-- Generated by org.testng.reporters.JUnitReportReporter -->
<testsuite hostname="LAPTOP-OQICQHPQ" failures="0" tests="1" name="DataProviderDemo.TestUtil" time="1.139" errors="0" timestamp="2023-03-13T16:59:56 IST" skipped="0">
  <testcase classname="DataProviderDemo.TestUtil" name="getData" time="1.139"/>
  <system-out/>
</testsuite> <!-- DataProviderDemo.TestUtil -->
