<?xml version="1.0" encoding="UTF-8"?>
<!-- Generated by org.testng.reporters.JUnitReportReporter -->
<testsuite hostname="Rahul-Kumar" failures="0" tests="3" name="com.ParallelTest.Class2" time="0.003" errors="0" timestamp="2023-04-07T12:59:09 IST" skipped="0">
  <testcase classname="com.ParallelTest.Class2" name="m6" time="0.001"/>
  <system-out/>
  <testcase classname="com.ParallelTest.Class2" name="m5" time="0.001"/>
  <system-out/>
  <testcase classname="com.ParallelTest.Class2" name="m7" time="0.001"/>
  <system-out/>
</testsuite> <!-- com.ParallelTest.Class2 -->
