<?xml version="1.0" encoding="UTF-8"?>
<!-- Generated by org.testng.reporters.JUnitReportReporter -->
<testsuite hostname="Rahul-Kumar" failures="0" tests="1" name="RestAssuredAPIAutomation.DemoRestAssured" time="2.928" errors="0" timestamp="2023-04-07T16:40:30 IST" skipped="0">
  <testcase classname="RestAssuredAPIAutomation.DemoRestAssured" name="createUserUsingJsonObject" time="2.928"/>
  <system-out/>
</testsuite> <!-- RestAssuredAPIAutomation.DemoRestAssured -->
