<?xml version="1.0" encoding="UTF-8"?>
<!-- Generated by org.testng.reporters.JUnitReportReporter -->
<testsuite hostname="LAPTOP-OQICQHPQ" failures="0" tests="1" name="SeleniumTest.FaceBooktest" time="5.991" errors="0" timestamp="2023-03-17T19:18:08 IST" skipped="0">
  <testcase classname="SeleniumTest.FaceBooktest" name="login" time="5.991"/>
  <system-out/>
</testsuite> <!-- SeleniumTest.FaceBooktest -->
