<?xml version="1.0" encoding="UTF-8"?>
<!-- Generated by org.testng.reporters.JUnitReportReporter -->
<testsuite hostname="LAPTOP-OQICQHPQ" failures="0" tests="1" name="SeleniumTest.GoogleSearch" time="14.075" errors="0" timestamp="2023-03-01T13:25:08 IST" skipped="0">
  <testcase classname="SeleniumTest.GoogleSearch" name="searchGoogle" time="14.075"/>
  <system-out/>
</testsuite> <!-- SeleniumTest.GoogleSearch -->
